TN:tests_tests_vector_arr
SF:/home/p1xelse/tpmain_cpp/hw1/project/vector_array/vector_array.c
FN:3,find_max_vector_size
FNDA:2,find_max_vector_size
FN:16,read_array_len
FNDA:30,read_array_len
FN:30,free_vector_array
FNDA:7,free_vector_array
FN:40,read_vector_array
FNDA:14,read_vector_array
FN:88,print_vector_arr
FNDA:0,print_vector_arr
FN:96,align_vectors_len_in_arr
FNDA:2,align_vectors_len_in_arr
FNF:6
FNH:5
DA:3,2
DA:5,2
DA:7,6
DA:9,4
DA:10,2
DA:13,2
DA:16,30
DA:18,30
DA:19,30
DA:21,29
DA:22,29
DA:25,1
DA:27,30
DA:30,7
DA:32,13
DA:34,6
DA:37,7
DA:38,7
DA:40,14
DA:42,14
DA:43,14
DA:44,14
DA:47,0
DA:48,0
DA:51,14
DA:53,0
DA:54,0
DA:58,46
DA:60,32
DA:62,32
DA:64,32
DA:68,0
DA:69,0
DA:70,0
DA:73,32
DA:75,27
DA:79,5
DA:80,5
DA:81,5
DA:85,14
DA:88,0
DA:90,0
DA:92,0
DA:94,0
DA:96,2
DA:98,2
DA:99,2
DA:100,8
DA:102,6
DA:105,2
LF:50
LH:39
end_of_record
TN:tests_tests_vector_arr
SF:/home/p1xelse/tpmain_cpp/hw1/project/vector_array/vector.c
FN:7,vector_init
FNDA:32,vector_init
FN:21,vector_grow
FNDA:27,vector_grow
FN:40,vector_push_back
FNDA:127,vector_push_back
FN:52,vector_read
FNDA:32,vector_read
FN:69,vector_free
FNDA:11,vector_free
FN:75,vector_extend
FNDA:6,vector_extend
FN:88,print_vector
FNDA:0,print_vector
FNF:7
FNH:6
DA:7,32
DA:9,32
DA:11,32
DA:13,32
DA:14,32
DA:15,32
DA:18,32
DA:21,27
DA:23,54
DA:25,27
DA:27,27
DA:29,27
DA:31,27
DA:32,27
DA:35,0
DA:37,27
DA:40,127
DA:42,127
DA:43,127
DA:44,27
DA:46,127
DA:47,127
DA:49,127
DA:52,32
DA:54,32
DA:56,32
DA:58,154
DA:60,122
DA:61,117
DA:63,5
DA:66,32
DA:69,11
DA:71,11
DA:72,11
DA:73,11
DA:75,6
DA:77,6
DA:78,6
DA:79,0
DA:81,6
DA:82,16
DA:83,10
DA:85,6
DA:88,0
DA:90,0
DA:92,0
DA:95,0
DA:96,0
LF:48
LH:41
end_of_record
